JobID: 3988, Partition: test, Name: nextflow, User: nfomin3, Time: 0:20, Node: niklashome3
JobID: 3989, Partition: test, Name: nf-NFCOR, User: nfomin3, Time: 0:00, Node: niklashome3
JobID: 3990, Partition: test, Name: nf-NFCOR, User: nfomin3, Time: 0:00, Node: niklashome3
JobID: 3991, Partition: test, Name: nf-NFCOR, User: nfomin3, Time: 0:00, Node: niklashome3
JobID: 3992, Partition: test, Name: nf-NFCOR, User: nfomin3, Time: 0:00, Node: niklashome3
JobID: 3993, Partition: test, Name: nf-NFCOR, User: nfomin3, Time: 0:01, Node: niklashome3
JobID: 3994, Partition: test, Name: nf-NFCOR, User: nfomin3, Time: 0:00, Node: niklashome3
JobID: 3995, Partition: test, Name: nf-NFCOR, User: nfomin3, Time: 0:00, Node: niklashome3
JobID: 3996, Partition: test, Name: nf-NFCOR, User: nfomin3, Time: 0:00, Node: niklashome3
JobID: 3997, Partition: test, Name: nf-NFCOR, User: nfomin3, Time: 0:00, Node: (None)
JobID: 3998, Partition: test, Name: nf-NFCOR, User: nfomin3, Time: 0:00, Node: (Priority)
JobID: 3999, Partition: test, Name: nf-NFCOR, User: nfomin3, Time: 0:00, Node: (Priority)
JobID: 4000, Partition: test, Name: nf-NFCOR, User: nfomin3, Time: 0:00, Node: (Priority)
JobID: 4001, Partition: test, Name: nf-NFCOR, User: nfomin3, Time: 0:00, Node: (Resources)
JobID: 4002, Partition: test, Name: nf-NFCOR, User: nfomin3, Time: 0:00, Node: (Priority)
JobID: 4003, Partition: test, Name: nf-NFCOR, User: nfomin3, Time: 0:00, Node: (Priority)
JobID: 4004, Partition: test, Name: nf-NFCOR, User: nfomin3, Time: 0:00, Node: (Priority)
JobID: 4005, Partition: test, Name: nf-NFCOR, User: nfomin3, Time: 0:00, Node: (Priority)
JobID: 4006, Partition: test, Name: nf-NFCOR, User: nfomin3, Time: 0:00, Node: (Priority)
JobID: 4007, Partition: test, Name: nf-NFCOR, User: nfomin3, Time: 0:00, Node: (Resources)
JobID: 4008, Partition: test, Name: nf-NFCOR, User: nfomin3, Time: 0:00, Node: (Priority)
JobID: 4009, Partition: test, Name: nf-NFCOR, User: nfomin3, Time: 0:00, Node: (Priority)
JobID: 4011, Partition: test, Name: nf-NFCOR, User: nfomin3, Time: 0:00, Node: (Resources)
JobID: 4010, Partition: test, Name: nf-NFCOR, User: nfomin3, Time: 0:01, Node: niklashome3
JobID: 4012, Partition: test, Name: nf-NFCOR, User: nfomin3, Time: 0:00, Node: (None)
JobID: 4013, Partition: test, Name: nf-NFCOR, User: nfomin3, Time: 0:00, Node: (Priority)
JobID: 4014, Partition: test, Name: nf-NFCOR, User: nfomin3, Time: 0:01, Node: niklashome3
JobID: 4015, Partition: test, Name: nf-NFCOR, User: nfomin3, Time: 0:01, Node: niklashome3
JobID: 4016, Partition: test, Name: nf-NFCOR, User: nfomin3, Time: 0:01, Node: niklashome3
JobID: 4017, Partition: test, Name: nf-NFCOR, User: nfomin3, Time: 0:01, Node: niklashome3
JobID: 4018, Partition: test, Name: nf-NFCOR, User: nfomin3, Time: 0:01, Node: niklashome3
JobID: 4019, Partition: test, Name: nf-NFCOR, User: nfomin3, Time: 0:00, Node: niklashome3
JobID: 4020, Partition: test, Name: nf-NFCOR, User: nfomin3, Time: 0:00, Node: niklashome3
JobID: 4021, Partition: test, Name: nf-NFCOR, User: nfomin3, Time: 0:01, Node: niklashome3
JobID: 4022, Partition: test, Name: nf-NFCOR, User: nfomin3, Time: 0:01, Node: niklashome3
JobID: 4028, Partition: test, Name: nf-NFCOR, User: nfomin3, Time: 0:00, Node: (Resources)
JobID: 4029, Partition: test, Name: nf-NFCOR, User: nfomin3, Time: 0:00, Node: (Priority)
JobID: 4030, Partition: test, Name: nf-NFCOR, User: nfomin3, Time: 0:00, Node: (Priority)
JobID: 4023, Partition: test, Name: nf-NFCOR, User: nfomin3, Time: 0:00, Node: niklashome3
JobID: 4024, Partition: test, Name: nf-NFCOR, User: nfomin3, Time: 0:00, Node: niklashome3
JobID: 4025, Partition: test, Name: nf-NFCOR, User: nfomin3, Time: 0:00, Node: niklashome3
JobID: 4026, Partition: test, Name: nf-NFCOR, User: nfomin3, Time: 0:00, Node: niklashome3
JobID: 4027, Partition: test, Name: nf-NFCOR, User: nfomin3, Time: 0:00, Node: niklashome3
JobID: 4031, Partition: test, Name: nf-NFCOR, User: nfomin3, Time: 0:00, Node: (None)
JobID: 4032, Partition: test, Name: nf-NFCOR, User: nfomin3, Time: 0:00, Node: (Priority)
JobID: 4033, Partition: test, Name: nf-NFCOR, User: nfomin3, Time: 0:00, Node: (Priority)
JobID: 4034, Partition: test, Name: nf-NFCOR, User: nfomin3, Time: 0:02, Node: niklashome3
JobID: 4038, Partition: test, Name: nf-NFCOR, User: nfomin3, Time: 0:00, Node: (Resources)
JobID: 4039, Partition: test, Name: nf-NFCOR, User: nfomin3, Time: 0:00, Node: (Priority)
JobID: 4040, Partition: test, Name: nf-NFCOR, User: nfomin3, Time: 0:00, Node: (Priority)
JobID: 4041, Partition: test, Name: nf-NFCOR, User: nfomin3, Time: 0:00, Node: (Priority)
JobID: 4042, Partition: test, Name: nf-NFCOR, User: nfomin3, Time: 0:00, Node: (Priority)
JobID: 4043, Partition: test, Name: nf-NFCOR, User: nfomin3, Time: 0:00, Node: (Priority)
JobID: 4044, Partition: test, Name: nf-NFCOR, User: nfomin3, Time: 0:00, Node: (Priority)
JobID: 4045, Partition: test, Name: nf-NFCOR, User: nfomin3, Time: 0:00, Node: (Priority)
JobID: 4046, Partition: test, Name: nf-NFCOR, User: nfomin3, Time: 0:00, Node: (Priority)
JobID: 4047, Partition: test, Name: nf-NFCOR, User: nfomin3, Time: 0:00, Node: (Priority)
JobID: 4048, Partition: test, Name: nf-NFCOR, User: nfomin3, Time: 0:00, Node: (Priority)
JobID: 4049, Partition: test, Name: nf-NFCOR, User: nfomin3, Time: 0:00, Node: (Priority)
JobID: 4050, Partition: test, Name: nf-NFCOR, User: nfomin3, Time: 0:00, Node: (Priority)
JobID: 4051, Partition: test, Name: nf-NFCOR, User: nfomin3, Time: 0:00, Node: (Priority)
JobID: 4035, Partition: test, Name: nf-NFCOR, User: nfomin3, Time: 0:01, Node: niklashome3
JobID: 4036, Partition: test, Name: nf-NFCOR, User: nfomin3, Time: 0:01, Node: niklashome3
JobID: 4037, Partition: test, Name: nf-NFCOR, User: nfomin3, Time: 0:00, Node: niklashome3
JobID: 4052, Partition: test, Name: nf-NFCOR, User: nfomin3, Time: 0:00, Node: (Priority)
JobID: 4053, Partition: test, Name: nf-NFCOR, User: nfomin3, Time: 0:00, Node: (Priority)
JobID: 4054, Partition: test, Name: nf-NFCOR, User: nfomin3, Time: 0:00, Node: (Priority)
JobID: 4055, Partition: test, Name: nf-NFCOR, User: nfomin3, Time: 0:01, Node: niklashome3
JobID: 4056, Partition: test, Name: nf-NFCOR, User: nfomin3, Time: 0:01, Node: niklashome3
JobID: 4057, Partition: test, Name: nf-NFCOR, User: nfomin3, Time: 0:01, Node: niklashome3
JobID: 4058, Partition: test, Name: nf-NFCOR, User: nfomin3, Time: 0:00, Node: (None)
JobID: 4059, Partition: test, Name: nf-NFCOR, User: nfomin3, Time: 0:00, Node: (Priority)
JobID: 4060, Partition: test, Name: nf-NFCOR, User: nfomin3, Time: 0:00, Node: (Priority)
JobID: 4061, Partition: test, Name: nf-NFCOR, User: nfomin3, Time: 0:00, Node: (Priority)
JobID: 4062, Partition: test, Name: nf-NFCOR, User: nfomin3, Time: 0:00, Node: (Priority)
JobID: 4068, Partition: test, Name: nf-NFCOR, User: nfomin3, Time: 0:00, Node: (Resources)
JobID: 4063, Partition: test, Name: nf-NFCOR, User: nfomin3, Time: 0:01, Node: niklashome3
JobID: 4064, Partition: test, Name: nf-NFCOR, User: nfomin3, Time: 0:01, Node: niklashome3
JobID: 4065, Partition: test, Name: nf-NFCOR, User: nfomin3, Time: 0:01, Node: niklashome3
JobID: 4066, Partition: test, Name: nf-NFCOR, User: nfomin3, Time: 0:01, Node: niklashome3
JobID: 4067, Partition: test, Name: nf-NFCOR, User: nfomin3, Time: 0:01, Node: niklashome3
JobID: 4069, Partition: test, Name: nf-NFCOR, User: nfomin3, Time: 0:00, Node: (None)
JobID: 4070, Partition: test, Name: nf-NFCOR, User: nfomin3, Time: 0:00, Node: (Priority)
JobID: 4071, Partition: test, Name: nf-NFCOR, User: nfomin3, Time: 0:00, Node: (Priority)
JobID: 4072, Partition: test, Name: nf-NFCOR, User: nfomin3, Time: 0:00, Node: (Priority)
JobID: 4073, Partition: test, Name: nf-NFCOR, User: nfomin3, Time: 0:00, Node: (Priority)
JobID: 4074, Partition: test, Name: nf-NFCOR, User: nfomin3, Time: 0:00, Node: (Priority)
JobID: 4075, Partition: test, Name: nf-NFCOR, User: nfomin3, Time: 0:00, Node: (Priority)
JobID: 4076, Partition: test, Name: nf-NFCOR, User: nfomin3, Time: 0:00, Node: (Priority)
JobID: 4077, Partition: test, Name: nf-NFCOR, User: nfomin3, Time: 0:00, Node: (Priority)
JobID: 4078, Partition: test, Name: nf-NFCOR, User: nfomin3, Time: 0:00, Node: (Priority)
JobID: 4079, Partition: test, Name: nf-NFCOR, User: nfomin3, Time: 0:00, Node: (Priority)
JobID: 4080, Partition: test, Name: nf-NFCOR, User: nfomin3, Time: 0:00, Node: (Priority)
JobID: 4081, Partition: test, Name: nf-NFCOR, User: nfomin3, Time: 0:00, Node: (Priority)
JobID: 4082, Partition: test, Name: nf-NFCOR, User: nfomin3, Time: 0:00, Node: (Priority)
JobID: 4083, Partition: test, Name: nf-NFCOR, User: nfomin3, Time: 0:00, Node: (Priority)
JobID: 4084, Partition: test, Name: nf-NFCOR, User: nfomin3, Time: 0:00, Node: (Priority)
JobID: 4085, Partition: test, Name: nf-NFCOR, User: nfomin3, Time: 0:00, Node: (Priority)
JobID: 4086, Partition: test, Name: nf-NFCOR, User: nfomin3, Time: 0:00, Node: (Priority)
JobID: 4087, Partition: test, Name: nf-NFCOR, User: nfomin3, Time: 0:00, Node: (Priority)
JobID: 4088, Partition: test, Name: nf-NFCOR, User: nfomin3, Time: 0:00, Node: (Priority)
JobID: 4089, Partition: test, Name: nf-NFCOR, User: nfomin3, Time: 0:00, Node: (Priority)
JobID: 4090, Partition: test, Name: nf-NFCOR, User: nfomin3, Time: 0:00, Node: (Priority)
JobID: 4091, Partition: test, Name: nf-NFCOR, User: nfomin3, Time: 0:00, Node: (Priority)
JobID: 4092, Partition: test, Name: nf-NFCOR, User: nfomin3, Time: 0:00, Node: (Priority)
JobID: 4093, Partition: test, Name: nf-NFCOR, User: nfomin3, Time: 0:00, Node: (Priority)
JobID: 4094, Partition: test, Name: nf-NFCOR, User: nfomin3, Time: 0:00, Node: (None)
JobID: 4095, Partition: test, Name: nf-NFCOR, User: nfomin3, Time: 0:00, Node: (Priority)
JobID: 4096, Partition: test, Name: nf-NFCOR, User: nfomin3, Time: 0:00, Node: (Priority)
JobID: 4097, Partition: test, Name: nf-NFCOR, User: nfomin3, Time: 0:00, Node: (Priority)
JobID: 4098, Partition: test, Name: nf-NFCOR, User: nfomin3, Time: 0:00, Node: (Priority)
JobID: 4099, Partition: test, Name: nf-NFCOR, User: nfomin3, Time: 0:00, Node: (Priority)
JobID: 4105, Partition: test, Name: nf-NFCOR, User: nfomin3, Time: 0:00, Node: (Resources)
JobID: 4106, Partition: test, Name: nf-NFCOR, User: nfomin3, Time: 0:00, Node: (Priority)
JobID: 4107, Partition: test, Name: nf-NFCOR, User: nfomin3, Time: 0:00, Node: (Priority)
JobID: 4108, Partition: test, Name: nf-NFCOR, User: nfomin3, Time: 0:00, Node: (Priority)
JobID: 4109, Partition: test, Name: nf-NFCOR, User: nfomin3, Time: 0:00, Node: (Priority)
JobID: 4110, Partition: test, Name: nf-NFCOR, User: nfomin3, Time: 0:00, Node: (Priority)
JobID: 4111, Partition: test, Name: nf-NFCOR, User: nfomin3, Time: 0:00, Node: (Priority)
JobID: 4100, Partition: test, Name: nf-NFCOR, User: nfomin3, Time: 0:01, Node: niklashome3
JobID: 4101, Partition: test, Name: nf-NFCOR, User: nfomin3, Time: 0:01, Node: niklashome3
JobID: 4102, Partition: test, Name: nf-NFCOR, User: nfomin3, Time: 0:01, Node: niklashome3
JobID: 4103, Partition: test, Name: nf-NFCOR, User: nfomin3, Time: 0:01, Node: niklashome3
JobID: 4104, Partition: test, Name: nf-NFCOR, User: nfomin3, Time: 0:01, Node: niklashome3
JobID: 4112, Partition: test, Name: nf-NFCOR, User: nfomin3, Time: 0:00, Node: (Priority)
JobID: 4113, Partition: test, Name: nf-NFCOR, User: nfomin3, Time: 0:00, Node: (Priority)
JobID: 4114, Partition: test, Name: nf-NFCOR, User: nfomin3, Time: 0:00, Node: (Priority)
JobID: 4115, Partition: test, Name: nf-NFCOR, User: nfomin3, Time: 0:00, Node: (Priority)
JobID: 4116, Partition: test, Name: nf-NFCOR, User: nfomin3, Time: 0:00, Node: (Priority)
JobID: 4117, Partition: test, Name: nf-NFCOR, User: nfomin3, Time: 0:00, Node: (Priority)
JobID: 4118, Partition: test, Name: nf-NFCOR, User: nfomin3, Time: 0:00, Node: (Priority)
JobID: 4119, Partition: test, Name: nf-NFCOR, User: nfomin3, Time: 0:00, Node: (Priority)
JobID: 4120, Partition: test, Name: nf-NFCOR, User: nfomin3, Time: 0:00, Node: (Priority)
JobID: 4121, Partition: test, Name: nf-NFCOR, User: nfomin3, Time: 0:00, Node: (Priority)
JobID: 4122, Partition: test, Name: nf-NFCOR, User: nfomin3, Time: 0:00, Node: (Priority)
JobID: 4123, Partition: test, Name: nf-NFCOR, User: nfomin3, Time: 0:00, Node: (Priority)
JobID: 4124, Partition: test, Name: nf-NFCOR, User: nfomin3, Time: 0:00, Node: (Priority)
JobID: 4125, Partition: test, Name: nf-NFCOR, User: nfomin3, Time: 0:00, Node: (Priority)
JobID: 4126, Partition: test, Name: nf-NFCOR, User: nfomin3, Time: 0:00, Node: (Priority)
JobID: 4127, Partition: test, Name: nf-NFCOR, User: nfomin3, Time: 0:00, Node: (Priority)
JobID: 4128, Partition: test, Name: nf-NFCOR, User: nfomin3, Time: 0:00, Node: (Priority)
JobID: 4129, Partition: test, Name: nf-NFCOR, User: nfomin3, Time: 0:00, Node: (Priority)
JobID: 4130, Partition: test, Name: nf-NFCOR, User: nfomin3, Time: 0:00, Node: (Priority)
JobID: 4131, Partition: test, Name: nf-NFCOR, User: nfomin3, Time: 0:00, Node: (Priority)
JobID: 4132, Partition: test, Name: nf-NFCOR, User: nfomin3, Time: 0:00, Node: (Priority)
JobID: 4133, Partition: test, Name: nf-NFCOR, User: nfomin3, Time: 0:00, Node: (Priority)
JobID: 4134, Partition: test, Name: nf-NFCOR, User: nfomin3, Time: 0:00, Node: (Priority)
JobID: 4135, Partition: test, Name: nf-NFCOR, User: nfomin3, Time: 0:00, Node: (Priority)
JobID: 4136, Partition: test, Name: nf-NFCOR, User: nfomin3, Time: 0:00, Node: (Priority)
JobID: 4137, Partition: test, Name: nf-NFCOR, User: nfomin3, Time: 0:00, Node: (Priority)
JobID: 4138, Partition: test, Name: nf-NFCOR, User: nfomin3, Time: 0:00, Node: (Priority)
JobID: 4139, Partition: test, Name: nf-NFCOR, User: nfomin3, Time: 0:00, Node: (Priority)
JobID: 4140, Partition: test, Name: nf-NFCOR, User: nfomin3, Time: 0:00, Node: (Priority)
JobID: 4141, Partition: test, Name: nf-NFCOR, User: nfomin3, Time: 0:00, Node: (Priority)
JobID: 4142, Partition: test, Name: nf-NFCOR, User: nfomin3, Time: 0:00, Node: (Priority)
JobID: 4143, Partition: test, Name: nf-NFCOR, User: nfomin3, Time: 0:00, Node: (Priority)
JobID: 4144, Partition: test, Name: nf-NFCOR, User: nfomin3, Time: 0:00, Node: (Priority)
JobID: 4145, Partition: test, Name: nf-NFCOR, User: nfomin3, Time: 0:00, Node: (Priority)
JobID: 4146, Partition: test, Name: nf-NFCOR, User: nfomin3, Time: 0:00, Node: (Priority)
JobID: 4147, Partition: test, Name: nf-NFCOR, User: nfomin3, Time: 0:00, Node: (Priority)
JobID: 4148, Partition: test, Name: nf-NFCOR, User: nfomin3, Time: 0:00, Node: (Priority)
JobID: 4149, Partition: test, Name: nf-NFCOR, User: nfomin3, Time: 0:00, Node: (Priority)
JobID: 4150, Partition: test, Name: nf-NFCOR, User: nfomin3, Time: 0:00, Node: (Priority)
JobID: 4151, Partition: test, Name: nf-NFCOR, User: nfomin3, Time: 0:00, Node: (Priority)
JobID: 4152, Partition: test, Name: nf-NFCOR, User: nfomin3, Time: 0:00, Node: (Priority)
JobID: 4153, Partition: test, Name: nf-NFCOR, User: nfomin3, Time: 0:00, Node: (Priority)
JobID: 4154, Partition: test, Name: nf-NFCOR, User: nfomin3, Time: 0:00, Node: (Priority)
JobID: 4155, Partition: test, Name: nf-NFCOR, User: nfomin3, Time: 0:00, Node: (Priority)
JobID: 4156, Partition: test, Name: nf-NFCOR, User: nfomin3, Time: 0:00, Node: (Priority)
JobID: 4157, Partition: test, Name: nf-NFCOR, User: nfomin3, Time: 0:00, Node: (Priority)
JobID: 4158, Partition: test, Name: nf-NFCOR, User: nfomin3, Time: 0:00, Node: (Priority)
JobID: 4159, Partition: test, Name: nf-NFCOR, User: nfomin3, Time: 0:00, Node: (Priority)
JobID: 4160, Partition: test, Name: nf-NFCOR, User: nfomin3, Time: 0:00, Node: (Priority)
JobID: 4161, Partition: test, Name: nf-NFCOR, User: nfomin3, Time: 0:00, Node: (Priority)
JobID: 4162, Partition: test, Name: nf-NFCOR, User: nfomin3, Time: 0:00, Node: (Priority)
JobID: 4163, Partition: test, Name: nf-NFCOR, User: nfomin3, Time: 0:00, Node: (Priority)
JobID: 4164, Partition: test, Name: nf-NFCOR, User: nfomin3, Time: 0:00, Node: (Priority)
JobID: 4165, Partition: test, Name: nf-NFCOR, User: nfomin3, Time: 0:00, Node: (Priority)
JobID: 4166, Partition: test, Name: nf-NFCOR, User: nfomin3, Time: 0:00, Node: (Priority)
JobID: 4167, Partition: test, Name: nf-NFCOR, User: nfomin3, Time: 0:00, Node: (Priority)
JobID: 4168, Partition: test, Name: nf-NFCOR, User: nfomin3, Time: 0:00, Node: (Priority)
JobID: 4169, Partition: test, Name: nf-NFCOR, User: nfomin3, Time: 0:00, Node: (Priority)
JobID: 4170, Partition: test, Name: nf-NFCOR, User: nfomin3, Time: 0:00, Node: (Priority)
JobID: 4171, Partition: test, Name: nf-NFCOR, User: nfomin3, Time: 0:00, Node: (Priority)
JobID: 4172, Partition: test, Name: nf-NFCOR, User: nfomin3, Time: 0:00, Node: (Priority)
JobID: 4173, Partition: test, Name: nf-NFCOR, User: nfomin3, Time: 0:00, Node: (Priority)
JobID: 4179, Partition: test, Name: nf-NFCOR, User: nfomin3, Time: 0:00, Node: (Resources)
JobID: 4180, Partition: test, Name: nf-NFCOR, User: nfomin3, Time: 0:00, Node: (Priority)
JobID: 4175, Partition: test, Name: nf-NFCOR, User: nfomin3, Time: 0:01, Node: niklashome3
JobID: 4176, Partition: test, Name: nf-NFCOR, User: nfomin3, Time: 0:01, Node: niklashome3
JobID: 4177, Partition: test, Name: nf-NFCOR, User: nfomin3, Time: 0:00, Node: niklashome3
JobID: 4178, Partition: test, Name: nf-NFCOR, User: nfomin3, Time: 0:00, Node: niklashome3
JobID: 4181, Partition: test, Name: nf-NFCOR, User: nfomin3, Time: 0:00, Node: (None)
JobID: 4182, Partition: test, Name: nf-NFCOR, User: nfomin3, Time: 0:00, Node: (Priority)
JobID: 4183, Partition: test, Name: nf-NFCOR, User: nfomin3, Time: 0:00, Node: (Priority)
JobID: 4184, Partition: test, Name: nf-NFCOR, User: nfomin3, Time: 0:00, Node: (Priority)
JobID: 4185, Partition: test, Name: nf-NFCOR, User: nfomin3, Time: 0:00, Node: (Priority)
JobID: 4186, Partition: test, Name: nf-NFCOR, User: nfomin3, Time: 0:00, Node: (Priority)
JobID: 4187, Partition: test, Name: nf-NFCOR, User: nfomin3, Time: 0:00, Node: (Priority)
JobID: 4188, Partition: test, Name: nf-NFCOR, User: nfomin3, Time: 0:00, Node: (Priority)
JobID: 4189, Partition: test, Name: nf-NFCOR, User: nfomin3, Time: 0:00, Node: (Priority)
JobID: 4190, Partition: test, Name: nf-NFCOR, User: nfomin3, Time: 0:00, Node: (Priority)
JobID: 4191, Partition: test, Name: nf-NFCOR, User: nfomin3, Time: 0:00, Node: (Priority)
JobID: 4192, Partition: test, Name: nf-NFCOR, User: nfomin3, Time: 0:00, Node: (Priority)
JobID: 4193, Partition: test, Name: nf-NFCOR, User: nfomin3, Time: 0:00, Node: (Priority)
JobID: 4194, Partition: test, Name: nf-NFCOR, User: nfomin3, Time: 0:00, Node: (Priority)
JobID: 4195, Partition: test, Name: nf-NFCOR, User: nfomin3, Time: 0:00, Node: (Priority)
JobID: 4196, Partition: test, Name: nf-NFCOR, User: nfomin3, Time: 0:00, Node: (Priority)
JobID: 4197, Partition: test, Name: nf-NFCOR, User: nfomin3, Time: 0:00, Node: (Priority)
JobID: 4198, Partition: test, Name: nf-NFCOR, User: nfomin3, Time: 0:00, Node: (Priority)
JobID: 4199, Partition: test, Name: nf-NFCOR, User: nfomin3, Time: 0:00, Node: (Priority)
JobID: 4200, Partition: test, Name: nf-NFCOR, User: nfomin3, Time: 0:00, Node: (Priority)
JobID: 4201, Partition: test, Name: nf-NFCOR, User: nfomin3, Time: 0:00, Node: niklashome3
JobID: 4202, Partition: test, Name: nf-NFCOR, User: nfomin3, Time: 0:00, Node: niklashome3
JobID: 4203, Partition: test, Name: nf-NFCOR, User: nfomin3, Time: 0:00, Node: niklashome3
